C:\USERS\TROLLIN\DOCUMENTS\SAMPAC_GIT\AC\OUT\WIN32\OBJ\RELEASE\LIB\BOOST\SYSTEM\SRC\ERROR_CODE.OBJ
C:\USERS\TROLLIN\DOCUMENTS\SAMPAC_GIT\AC\OUT\WIN32\OBJ\RELEASE\VC90.PDB
C:\USERS\TROLLIN\DOCUMENTS\SAMPAC_GIT\AC\OUT\WIN32\OBJ\RELEASE\LIB\SAMPGDK\SRC\VERSION.OBJ
C:\USERS\TROLLIN\DOCUMENTS\SAMPAC_GIT\AC\OUT\WIN32\OBJ\RELEASE\LIB\SAMPGDK\SRC\TIMERS.OBJ
C:\USERS\TROLLIN\DOCUMENTS\SAMPAC_GIT\AC\OUT\WIN32\OBJ\RELEASE\LIB\SAMPGDK\SRC\TIMERS-WIN32.OBJ
C:\USERS\TROLLIN\DOCUMENTS\SAMPAC_GIT\AC\OUT\WIN32\OBJ\RELEASE\LIB\SAMPGDK\SRC\NATIVES.OBJ
C:\USERS\TROLLIN\DOCUMENTS\SAMPAC_GIT\AC\OUT\WIN32\OBJ\RELEASE\LIB\SAMPGDK\SRC\HOOK.OBJ
C:\USERS\TROLLIN\DOCUMENTS\SAMPAC_GIT\AC\OUT\WIN32\OBJ\RELEASE\LIB\SAMPGDK\SRC\HOOK-WIN32.OBJ
C:\USERS\TROLLIN\DOCUMENTS\SAMPAC_GIT\AC\OUT\WIN32\OBJ\RELEASE\LIB\SAMPGDK\SRC\FAKEAMX.OBJ
C:\USERS\TROLLIN\DOCUMENTS\SAMPAC_GIT\AC\OUT\WIN32\OBJ\RELEASE\LIB\SAMPGDK\SRC\CORE.OBJ
C:\USERS\TROLLIN\DOCUMENTS\SAMPAC_GIT\AC\OUT\WIN32\OBJ\RELEASE\LIB\SAMPGDK\SRC\CORE-WIN32.OBJ
C:\USERS\TROLLIN\DOCUMENTS\SAMPAC_GIT\AC\OUT\WIN32\OBJ\RELEASE\LIB\SAMPGDK\SRC\A_VEHICLES.OBJ
C:\USERS\TROLLIN\DOCUMENTS\SAMPAC_GIT\AC\OUT\WIN32\OBJ\RELEASE\LIB\SAMPGDK\SRC\A_SAMP.OBJ
C:\USERS\TROLLIN\DOCUMENTS\SAMPAC_GIT\AC\OUT\WIN32\OBJ\RELEASE\LIB\SAMPGDK\SRC\A_PLAYERS.OBJ
C:\USERS\TROLLIN\DOCUMENTS\SAMPAC_GIT\AC\OUT\WIN32\OBJ\RELEASE\LIB\SAMPGDK\SRC\A_OBJECTS.OBJ
C:\USERS\TROLLIN\DOCUMENTS\SAMPAC_GIT\AC\OUT\WIN32\OBJ\RELEASE\LIB\SAMPGDK\SRC\AMXHOOKS.OBJ
C:\USERS\TROLLIN\DOCUMENTS\SAMPAC_GIT\AC\OUT\WIN32\OBJ\RELEASE\LIB\SAMPGDK\SRC\SDK\PLUGIN.OBJ
C:\USERS\TROLLIN\DOCUMENTS\SAMPAC_GIT\AC\OUT\WIN32\OBJ\RELEASE\SRC\MAIN.OBJ
C:\USERS\TROLLIN\DOCUMENTS\SAMPAC_GIT\AC\OUT\WIN32\OBJ\RELEASE\SRC\CVEHICLE.OBJ
C:\USERS\TROLLIN\DOCUMENTS\SAMPAC_GIT\AC\OUT\WIN32\OBJ\RELEASE\SRC\CPLAYER.OBJ
C:\USERS\TROLLIN\DOCUMENTS\SAMPAC_GIT\AC\OUT\WIN32\OBJ\RELEASE\SRC\CNATIVES.OBJ
C:\USERS\TROLLIN\DOCUMENTS\SAMPAC_GIT\AC\OUT\WIN32\OBJ\RELEASE\SRC\CANTICHEAT.OBJ
C:\USERS\TROLLIN\DOCUMENTS\SAMPAC_GIT\AC\OUT\WIN32\RELEASE\THEM-AC.DLL
C:\USERS\TROLLIN\DOCUMENTS\SAMPAC_GIT\AC\OUT\WIN32\OBJ\RELEASE\THEM-AC.DLL.INTERMEDIATE.MANIFEST
C:\USERS\TROLLIN\DOCUMENTS\SAMPAC_GIT\AC\OUT\WIN32\OBJ\RELEASE\THEMAC.RES
C:\Users\trollin\Documents\sampac_git\AC\out\win32\Release\Them-AC.lib
C:\Users\trollin\Documents\sampac_git\AC\out\win32\Release\Them-AC.exp
C:\Users\trollin\Documents\sampac_git\AC\out\win32\obj\Release\cl.command.1.tlog
C:\Users\trollin\Documents\sampac_git\AC\out\win32\obj\Release\CL.read.1.tlog
C:\Users\trollin\Documents\sampac_git\AC\out\win32\obj\Release\CL.write.1.tlog
C:\Users\trollin\Documents\sampac_git\AC\out\win32\obj\Release\link-cvtres.read.1.tlog
C:\Users\trollin\Documents\sampac_git\AC\out\win32\obj\Release\link-cvtres.write.1.tlog
C:\Users\trollin\Documents\sampac_git\AC\out\win32\obj\Release\link.command.1.tlog
C:\Users\trollin\Documents\sampac_git\AC\out\win32\obj\Release\link.read.1.tlog
C:\Users\trollin\Documents\sampac_git\AC\out\win32\obj\Release\link.write.1.tlog
C:\Users\trollin\Documents\sampac_git\AC\out\win32\obj\Release\mt.command.1.tlog
C:\Users\trollin\Documents\sampac_git\AC\out\win32\obj\Release\mt.read.1.tlog
C:\Users\trollin\Documents\sampac_git\AC\out\win32\obj\Release\mt.write.1.tlog
C:\Users\trollin\Documents\sampac_git\AC\out\win32\obj\Release\rc.command.1.tlog
C:\Users\trollin\Documents\sampac_git\AC\out\win32\obj\Release\rc.read.1.tlog
C:\Users\trollin\Documents\sampac_git\AC\out\win32\obj\Release\rc.write.1.tlog
C:\Users\trollin\Documents\sampac_git\AC\out\win32\obj\Release\Them-AC.write.1.tlog
C:\Users\trollin\Documents\sampac_git\AC\out\win32\obj\Release\Them-AC.dll.intermediate.manifest
C:\Users\trollin\Documents\sampac_git\AC\out\win32\obj\Release\ThemAC.res
C:\Users\trollin\Documents\sampac_git\AC\out\win32\obj\Release\vc90.pdb
