C:\USERS\TROLLIN\DOCUMENTS\VISUAL STUDIO 2012\PROJECTS\THEMAC\OUT\WIN32\OBJ\DEBUG\LIB\BOOST\SYSTEM\SRC\ERROR_CODE.OBJ
C:\USERS\TROLLIN\DOCUMENTS\VISUAL STUDIO 2012\PROJECTS\THEMAC\OUT\WIN32\OBJ\DEBUG\VC90.PDB
C:\USERS\TROLLIN\DOCUMENTS\VISUAL STUDIO 2012\PROJECTS\THEMAC\OUT\WIN32\OBJ\DEBUG\LIB\SAMPGDK\SRC\AMXHOOKS.OBJ
C:\USERS\TROLLIN\DOCUMENTS\VISUAL STUDIO 2012\PROJECTS\THEMAC\OUT\WIN32\OBJ\DEBUG\LIB\SAMPGDK\SRC\A_OBJECTS.OBJ
C:\USERS\TROLLIN\DOCUMENTS\VISUAL STUDIO 2012\PROJECTS\THEMAC\OUT\WIN32\OBJ\DEBUG\LIB\SAMPGDK\SRC\A_PLAYERS.OBJ
C:\USERS\TROLLIN\DOCUMENTS\VISUAL STUDIO 2012\PROJECTS\THEMAC\OUT\WIN32\OBJ\DEBUG\LIB\SAMPGDK\SRC\A_SAMP.OBJ
C:\USERS\TROLLIN\DOCUMENTS\VISUAL STUDIO 2012\PROJECTS\THEMAC\OUT\WIN32\OBJ\DEBUG\LIB\SAMPGDK\SRC\A_VEHICLES.OBJ
C:\USERS\TROLLIN\DOCUMENTS\VISUAL STUDIO 2012\PROJECTS\THEMAC\OUT\WIN32\OBJ\DEBUG\LIB\SAMPGDK\SRC\CORE-WIN32.OBJ
C:\USERS\TROLLIN\DOCUMENTS\VISUAL STUDIO 2012\PROJECTS\THEMAC\OUT\WIN32\OBJ\DEBUG\LIB\SAMPGDK\SRC\CORE.OBJ
C:\USERS\TROLLIN\DOCUMENTS\VISUAL STUDIO 2012\PROJECTS\THEMAC\OUT\WIN32\OBJ\DEBUG\LIB\SAMPGDK\SRC\FAKEAMX.OBJ
C:\USERS\TROLLIN\DOCUMENTS\VISUAL STUDIO 2012\PROJECTS\THEMAC\OUT\WIN32\OBJ\DEBUG\LIB\SAMPGDK\SRC\HOOK-WIN32.OBJ
C:\USERS\TROLLIN\DOCUMENTS\VISUAL STUDIO 2012\PROJECTS\THEMAC\OUT\WIN32\OBJ\DEBUG\LIB\SAMPGDK\SRC\HOOK.OBJ
C:\USERS\TROLLIN\DOCUMENTS\VISUAL STUDIO 2012\PROJECTS\THEMAC\OUT\WIN32\OBJ\DEBUG\LIB\SAMPGDK\SRC\NATIVES.OBJ
C:\USERS\TROLLIN\DOCUMENTS\VISUAL STUDIO 2012\PROJECTS\THEMAC\OUT\WIN32\OBJ\DEBUG\LIB\SAMPGDK\SRC\TIMERS-WIN32.OBJ
C:\USERS\TROLLIN\DOCUMENTS\VISUAL STUDIO 2012\PROJECTS\THEMAC\OUT\WIN32\OBJ\DEBUG\LIB\SAMPGDK\SRC\TIMERS.OBJ
C:\USERS\TROLLIN\DOCUMENTS\VISUAL STUDIO 2012\PROJECTS\THEMAC\OUT\WIN32\OBJ\DEBUG\LIB\SAMPGDK\SRC\VERSION.OBJ
C:\USERS\TROLLIN\DOCUMENTS\VISUAL STUDIO 2012\PROJECTS\THEMAC\OUT\WIN32\OBJ\DEBUG\LIB\SAMPGDK\SRC\SDK\PLUGIN.OBJ
C:\USERS\TROLLIN\DOCUMENTS\VISUAL STUDIO 2012\PROJECTS\THEMAC\OUT\WIN32\OBJ\DEBUG\SRC\CANTICHEAT.OBJ
C:\USERS\TROLLIN\DOCUMENTS\VISUAL STUDIO 2012\PROJECTS\THEMAC\OUT\WIN32\OBJ\DEBUG\SRC\CPLAYER.OBJ
C:\USERS\TROLLIN\DOCUMENTS\VISUAL STUDIO 2012\PROJECTS\THEMAC\OUT\WIN32\OBJ\DEBUG\SRC\CVEHICLE.OBJ
C:\USERS\TROLLIN\DOCUMENTS\VISUAL STUDIO 2012\PROJECTS\THEMAC\OUT\WIN32\OBJ\DEBUG\SRC\MAIN.OBJ
C:\USERS\TROLLIN\DOCUMENTS\VISUAL STUDIO 2012\PROJECTS\THEMAC\OUT\WIN32\DEBUG\THEM-AC.ILK
C:\USERS\TROLLIN\DOCUMENTS\VISUAL STUDIO 2012\PROJECTS\THEMAC\OUT\WIN32\DEBUG\THEM-AC.DLL
C:\USERS\TROLLIN\DOCUMENTS\VISUAL STUDIO 2012\PROJECTS\THEMAC\OUT\WIN32\OBJ\DEBUG\THEM-AC.DLL.INTERMEDIATE.MANIFEST
C:\USERS\TROLLIN\DOCUMENTS\VISUAL STUDIO 2012\PROJECTS\THEMAC\OUT\WIN32\DEBUG\THEM-AC.PDB
C:\USERS\TROLLIN\DOCUMENTS\VISUAL STUDIO 2012\PROJECTS\THEMAC\OUT\WIN32\OBJ\DEBUG\THEM-AC.DLL.EMBED.MANIFEST
C:\USERS\TROLLIN\DOCUMENTS\VISUAL STUDIO 2012\PROJECTS\THEMAC\OUT\WIN32\OBJ\DEBUG\THEMAC.RES
C:\USERS\TROLLIN\DOCUMENTS\VISUAL STUDIO 2012\PROJECTS\THEMAC\OUT\WIN32\OBJ\DEBUG\THEM-AC.DLL.EMBED.MANIFEST.RES
C:\Users\trollin\Documents\Visual Studio 2012\Projects\ThemAC\out\win32\Debug\Them-AC.lib
C:\Users\trollin\Documents\Visual Studio 2012\Projects\ThemAC\out\win32\Debug\Them-AC.exp
C:\Users\trollin\Documents\Visual Studio 2012\Projects\ThemAC\out\win32\obj\Debug\cl.command.1.tlog
C:\Users\trollin\Documents\Visual Studio 2012\Projects\ThemAC\out\win32\obj\Debug\CL.read.1.tlog
C:\Users\trollin\Documents\Visual Studio 2012\Projects\ThemAC\out\win32\obj\Debug\CL.write.1.tlog
C:\Users\trollin\Documents\Visual Studio 2012\Projects\ThemAC\out\win32\obj\Debug\link-cvtres.read.1.tlog
C:\Users\trollin\Documents\Visual Studio 2012\Projects\ThemAC\out\win32\obj\Debug\link-cvtres.write.1.tlog
C:\Users\trollin\Documents\Visual Studio 2012\Projects\ThemAC\out\win32\obj\Debug\link.7156-cvtres.read.1.tlog
C:\Users\trollin\Documents\Visual Studio 2012\Projects\ThemAC\out\win32\obj\Debug\link.7156-cvtres.write.1.tlog
C:\Users\trollin\Documents\Visual Studio 2012\Projects\ThemAC\out\win32\obj\Debug\link.7156.read.1.tlog
C:\Users\trollin\Documents\Visual Studio 2012\Projects\ThemAC\out\win32\obj\Debug\link.7156.write.1.tlog
C:\Users\trollin\Documents\Visual Studio 2012\Projects\ThemAC\out\win32\obj\Debug\link.command.1.tlog
C:\Users\trollin\Documents\Visual Studio 2012\Projects\ThemAC\out\win32\obj\Debug\link.read.1.tlog
C:\Users\trollin\Documents\Visual Studio 2012\Projects\ThemAC\out\win32\obj\Debug\link.write.1.tlog
C:\Users\trollin\Documents\Visual Studio 2012\Projects\ThemAC\out\win32\obj\Debug\mt.command.1.tlog
C:\Users\trollin\Documents\Visual Studio 2012\Projects\ThemAC\out\win32\obj\Debug\mt.read.1.tlog
C:\Users\trollin\Documents\Visual Studio 2012\Projects\ThemAC\out\win32\obj\Debug\mt.write.1.tlog
C:\Users\trollin\Documents\Visual Studio 2012\Projects\ThemAC\out\win32\obj\Debug\rc.command.1.tlog
C:\Users\trollin\Documents\Visual Studio 2012\Projects\ThemAC\out\win32\obj\Debug\rc.read.1.tlog
C:\Users\trollin\Documents\Visual Studio 2012\Projects\ThemAC\out\win32\obj\Debug\rc.write.1.tlog
C:\Users\trollin\Documents\Visual Studio 2012\Projects\ThemAC\out\win32\obj\Debug\Them-AC.write.1.tlog
C:\Users\trollin\Documents\Visual Studio 2012\Projects\ThemAC\out\win32\obj\Debug\Them-AC.dll.embed.manifest
C:\Users\trollin\Documents\Visual Studio 2012\Projects\ThemAC\out\win32\obj\Debug\Them-AC.dll.intermediate.manifest
C:\Users\trollin\Documents\Visual Studio 2012\Projects\ThemAC\out\win32\obj\Debug\Them-AC.dll.embed.manifest.res
C:\Users\trollin\Documents\Visual Studio 2012\Projects\ThemAC\out\win32\obj\Debug\ThemAC.res
C:\Users\trollin\Documents\Visual Studio 2012\Projects\ThemAC\out\win32\obj\Debug\vc90.idb
C:\Users\trollin\Documents\Visual Studio 2012\Projects\ThemAC\out\win32\obj\Debug\vc90.pdb
C:\Users\trollin\Documents\Visual Studio 2012\Projects\ThemAC\out\win32\obj\Debug\Them-AC_manifest.rc
C:\Users\trollin\Documents\Visual Studio 2012\Projects\ThemAC\out\win32\Debug\Them-AC.dll
